<?xml version="1.0" encoding="UTF-8"?>
<!-- Generated by org.testng.reporters.JUnitReportReporter -->
<testsuite skipped="0" hostname="DESKTOP-SHDMBGS" name="TopResultApi_Test" tests="8" failures="0" timestamp="2021-05-30T15:59:41 AEST" time="4.797" errors="0">
  <testcase name="GetTopResultsApi_Test" time="0.071" classname="TopResultApi_Test"/>
  <system-out/>
  <testcase name="GetTopResultsApi_Test" time="0.124" classname="TopResultApi_Test"/>
  <system-out/>
  <testcase name="GetTopResultsApi_Test" time="0.104" classname="TopResultApi_Test"/>
  <system-out/>
  <testcase name="E_401_getAPITest_InCorrectCredentials" time="3.370" classname="TopResultApi_Test"/>
  <system-out/>
  <testcase name="validateSchema" time="0.776" classname="TopResultApi_Test"/>
  <system-out/>
  <testcase name="E_500_getAPITest_NegCount" time="0.160" classname="TopResultApi_Test"/>
  <system-out/>
  <testcase name="GetTopResultsApi_Test" time="0.080" classname="TopResultApi_Test"/>
  <system-out/>
  <testcase name="GetTopResultsApi_Test" time="0.112" classname="TopResultApi_Test"/>
  <system-out/>
</testsuite> <!-- TopResultApi_Test -->
